<?xml version="1.0" encoding="UTF-8"?>
<!-- Generated by org.testng.reporters.JUnitXMLReporter -->
<testsuite hostname="LAPTOP-9RRPRPJ5" ignored="0" name="Blog anchor text tags Validation Tests" tests="1" failures="1" timestamp="2020-09-18T20:43:50 AEST" time="119.095" errors="0">
  <testcase name="feature" time="118.734" classname="cucumber.api.testng.AbstractTestNGCucumberTests">
    <failure type="cucumber.runtime.CucumberException" message="java.lang.AssertionError: expected [http://www.creditsource.com.au/] but found [https://creditorwatch.com.au/blog/company-financial-statements/]">
      <![CDATA[cucumber.runtime.CucumberException: java.lang.AssertionError: expected [http://www.creditsource.com.au/] but found [https://creditorwatch.com.au/blog/company-financial-statements/]
at cucumber.api.testng.TestNGCucumberRunner.runCucumber(TestNGCucumberRunner.java:69)
at cucumber.api.testng.AbstractTestNGCucumberTests.feature(AbstractTestNGCucumberTests.java:21)
at java.util.ArrayList.forEach(ArrayList.java:1249)
Caused by: java.lang.AssertionError: expected [http://www.creditsource.com.au/] but found [https://creditorwatch.com.au/blog/company-financial-statements/]
at creditorWatch.pageObjects.BlogPage.verifyLinks(BlogPage.java:95)
at creditorWatch.stepDefinitions.MyStepDefinitions.i_validate_all_the_anchor_tags_text_in_the_post(MyStepDefinitions.java:115)
at âœ½.Then I validate all the anchor tags text in the post Due Diligence(src/test/java/features/BlogsTest.feature:9)
... Removed 33 stack frames]]>
    </failure>
  </testcase> <!-- feature -->
</testsuite> <!-- Blog anchor text tags Validation Tests -->
